[debug] [2025-07-11T09:31:36.809Z] ----------------------------------------------------------------------
[debug] [2025-07-11T09:31:36.812Z] Command:       C:\Program Files\nodejs\node.exe C:\Program Files\nodejs\node_modules\firebase-tools\lib\bin\firebase.js init
[debug] [2025-07-11T09:31:36.813Z] CLI Version:   14.10.1
[debug] [2025-07-11T09:31:36.813Z] Platform:      win32
[debug] [2025-07-11T09:31:36.813Z] Node Version:  v22.6.0
[debug] [2025-07-11T09:31:36.813Z] Time:          Fri Jul 11 2025 15:01:36 GMT+0530 (India Standard Time)
[debug] [2025-07-11T09:31:36.813Z] ----------------------------------------------------------------------
[debug] 
[debug] [2025-07-11T09:31:36.820Z] > command requires scopes: ["email","openid","https://www.googleapis.com/auth/cloudplatformprojects.readonly","https://www.googleapis.com/auth/firebase","https://www.googleapis.com/auth/cloud-platform"]
[debug] [2025-07-11T09:31:36.820Z] > authorizing via signed-in user (kalkiram39@gmail.com)
[info] 
     ######## #### ########  ######## ########     ###     ######  ########
     ##        ##  ##     ## ##       ##     ##  ##   ##  ##       ##
     ######    ##  ########  ######   ########  #########  ######  ######
     ##        ##  ##    ##  ##       ##     ## ##     ##       ## ##
     ##       #### ##     ## ######## ########  ##     ##  ######  ########

You're about to initialize a Firebase project in this directory:

  D:\Data\mock-test-app

[debug] [2025-07-11T09:32:11.022Z] ExitPromptError: User force closed the prompt with SIGINT
    at Interface.sigint (C:\Users\User\AppData\Roaming\nvm\v22.6.0\node_modules\firebase-tools\node_modules\@inquirer\core\dist\commonjs\lib\create-prompt.js:101:37)
    at Interface.emit (node:events:520:28)
    at Interface.emit (node:domain:488:12)
    at [_ttyWrite] [as _ttyWrite] (node:internal/readline/interface:1125:18)
    at ReadStream.onkeypress (node:internal/readline/interface:264:20)
    at ReadStream.emit (node:events:532:35)
    at ReadStream.emit (node:domain:488:12)
    at emitKeys (node:internal/readline/utils:370:14)
    at emitKeys.next (<anonymous>)
    at ReadStream.onData (node:internal/readline/emitKeypressEvents:64:36)
[error] 
[error] Error: An unexpected error has occurred.
